<?xml version="1.0" encoding="UTF-8"?>
<testsuites name="katalontestcasesuite" time="17.02" tests="1" failures="0" errors="0">
   <testsuite name="katalontestcasesuite" tests="1" failures="0" errors="0" time="17.02" skipped="0" timestamp="15-01-2025T19:40:25" hostname="vishn - vishnu" id="Test Suites/katalontestcasesuite">
      <properties>
         <property name="deviceName" value=""/>
         <property name="devicePlatform"/>
         <property name="logFolder" value="C:\\Users\\vishn\\git\\katalon2\\Reports\\20250115_194015\\katalontestcasesuite\\20250115_194015"/>
         <property name="logFiles" value="C:\\Users\\vishn\\git\\katalon2\\Reports\\20250115_194015\\katalontestcasesuite\\20250115_194015\\execution0.log"/>
         <property name="attachments" value=""/>
         <property name="hostName" value="vishn - vishnu"/>
         <property name="os" value="Windows 11 64bit"/>
         <property name="katalonVersion" value="9.6.0.217"/>
         <property name="browser" value="Chrome 131.0.0.0"/>
         <property name="hostAddress" value="172.16.16.75"/>
         <property name="sessionId" value="c1cb50c67efff2d0e7b8f459c6025a23"/>
         <property name="seleniumVersion" value="3.141.59"/>
         <property name="proxyInformation" value="ProxyInformation { proxyOption=NO_PROXY, proxyServerType=HTTP, username=, password=********, proxyServerAddress=, proxyServerPort=0, executionList=&quot;&quot;, isApplyToDesiredCapabilities=true }"/>
         <property name="platform" value="Windows 11"/>
      </properties>
      <testcase name="Test Cases/katalontestcase" time="16.733" classname="Test Cases/katalontestcase" status="PASSED">
         <system-out><![CDATA[15-01-2025T19:40:25 - [TEST_CASE][PASSED] - Test Cases/katalontestcase: Test Cases/katalontestcase

15-01-2025T19:40:26 - [TEST_STEP][PASSED] - openBrowser(""): Browser is opened with url: ''

15-01-2025T19:40:26 - [MESSAGE][INFO] - Starting 'Chrome' driver

15-01-2025T19:40:26 - [MESSAGE][INFO] - Action delay is set to 0 milliseconds

15-01-2025T19:40:30 - [MESSAGE][PASSED] - Browser is opened with url: ''

15-01-2025T19:40:30 - [TEST_STEP][PASSED] - navigateToUrl("https://katalon-demo-cura.herokuapp.com/"): Navigate to 'https://katalon-demo-cura.herokuapp.com/' successfully

15-01-2025T19:40:33 - [MESSAGE][PASSED] - Navigate to 'https://katalon-demo-cura.herokuapp.com/' successfully

15-01-2025T19:40:33 - [TEST_STEP][PASSED] - click(findTestObject("Object Repository/Page_CURA Healthcare Service/a_Make Appointment")): Object: 'Object Repository/Page_CURA Healthcare Service/a_Make Appointment' is clicked on

15-01-2025T19:40:35 - [MESSAGE][PASSED] - Object: 'Object Repository/Page_CURA Healthcare Service/a_Make Appointment' is clicked on

15-01-2025T19:40:35 - [TEST_STEP][PASSED] - setText(findTestObject("Object Repository/Page_CURA Healthcare Service/input_Username_username"), "John Doe"): Text 'John Doe' is set on object 'Object Repository/Page_CURA Healthcare Service/input_Username_username'

15-01-2025T19:40:36 - [MESSAGE][PASSED] - Text 'John Doe' is set on object 'Object Repository/Page_CURA Healthcare Service/input_Username_username'

15-01-2025T19:40:36 - [TEST_STEP][PASSED] - setEncryptedText(findTestObject("Object Repository/Page_CURA Healthcare Service/input_Password_password"), "g3/DOGG74jC3Flrr3yH+3D/yKbOqqUNM"): Text ****** has been set on object 'Object Repository/Page_CURA Healthcare Service/input_Password_password'

15-01-2025T19:40:36 - [MESSAGE][PASSED] - Text ****** has been set on object 'Object Repository/Page_CURA Healthcare Service/input_Password_password'

15-01-2025T19:40:36 - [TEST_STEP][PASSED] - click(findTestObject("Object Repository/Page_CURA Healthcare Service/button_Login")): Object: 'Object Repository/Page_CURA Healthcare Service/button_Login' is clicked on

15-01-2025T19:40:38 - [MESSAGE][PASSED] - Object: 'Object Repository/Page_CURA Healthcare Service/button_Login' is clicked on

15-01-2025T19:40:38 - [TEST_STEP][PASSED] - click(findTestObject("Object Repository/Page_CURA Healthcare Service/input_Apply for hospital readmission_hospit_63901f")): Object: 'Object Repository/Page_CURA Healthcare Service/input_Apply for hospital readmission_hospit_63901f' is clicked on

15-01-2025T19:40:38 - [MESSAGE][PASSED] - Object: 'Object Repository/Page_CURA Healthcare Service/input_Apply for hospital readmission_hospit_63901f' is clicked on

15-01-2025T19:40:38 - [TEST_STEP][PASSED] - click(findTestObject("Object Repository/Page_CURA Healthcare Service/input_Medicaid_programs")): Object: 'Object Repository/Page_CURA Healthcare Service/input_Medicaid_programs' is clicked on

15-01-2025T19:40:38 - [MESSAGE][PASSED] - Object: 'Object Repository/Page_CURA Healthcare Service/input_Medicaid_programs' is clicked on

15-01-2025T19:40:39 - [TEST_STEP][PASSED] - click(findTestObject("Object Repository/Page_CURA Healthcare Service/div_Visit Date (Required)_input-group-addon")): Object: 'Object Repository/Page_CURA Healthcare Service/div_Visit Date (Required)_input-group-addon' is clicked on

15-01-2025T19:40:39 - [MESSAGE][PASSED] - Object: 'Object Repository/Page_CURA Healthcare Service/div_Visit Date (Required)_input-group-addon' is clicked on

15-01-2025T19:40:39 - [TEST_STEP][PASSED] - click(findTestObject("Object Repository/Page_CURA Healthcare Service/td_22")): Object: 'Object Repository/Page_CURA Healthcare Service/td_22' is clicked on

15-01-2025T19:40:40 - [MESSAGE][PASSED] - Object: 'Object Repository/Page_CURA Healthcare Service/td_22' is clicked on

15-01-2025T19:40:40 - [TEST_STEP][PASSED] - setText(findTestObject("Object Repository/Page_CURA Healthcare Service/textarea_Comment_comment"), "dfjv"): Text 'dfjv' is set on object 'Object Repository/Page_CURA Healthcare Service/textarea_Comment_comment'

15-01-2025T19:40:41 - [MESSAGE][PASSED] - Text 'dfjv' is set on object 'Object Repository/Page_CURA Healthcare Service/textarea_Comment_comment'

15-01-2025T19:40:41 - [TEST_STEP][PASSED] - click(findTestObject("Object Repository/Page_CURA Healthcare Service/button_Book Appointment")): Object: 'Object Repository/Page_CURA Healthcare Service/button_Book Appointment' is clicked on

15-01-2025T19:40:41 - [MESSAGE][PASSED] - Object: 'Object Repository/Page_CURA Healthcare Service/button_Book Appointment' is clicked on

15-01-2025T19:40:41 - [TEST_STEP][PASSED] - click(findTestObject("Object Repository/Page_CURA Healthcare Service/a_Go to Homepage")): Object: 'Object Repository/Page_CURA Healthcare Service/a_Go to Homepage' is clicked on

15-01-2025T19:40:42 - [MESSAGE][PASSED] - Object: 'Object Repository/Page_CURA Healthcare Service/a_Go to Homepage' is clicked on]]></system-out>
         <system-err><![CDATA[]]></system-err>
      </testcase>
      <system-out><![CDATA[15-01-2025T19:40:25 - [TEST_SUITE][PASSED] - katalontestcasesuite: Test Cases/katalontestcase]]></system-out>
      <system-err><![CDATA[]]></system-err>
   </testsuite>
</testsuites>
